Determining if the pthread_create exist failed with the following output:
Change Dir: /home/malcolm/Coding/Khazanah/Laser-Projector/openlase/build/CMakeFiles/CMakeTmp

Run Build Command:"/usr/bin/make" "cmTC_960c3/fast"
/usr/bin/make -f CMakeFiles/cmTC_960c3.dir/build.make CMakeFiles/cmTC_960c3.dir/build
make[1]: Entering directory '/home/malcolm/Coding/Khazanah/Laser-Projector/openlase/build/CMakeFiles/CMakeTmp'
Building C object CMakeFiles/cmTC_960c3.dir/CheckSymbolExists.c.o
/usr/bin/cc     -o CMakeFiles/cmTC_960c3.dir/CheckSymbolExists.c.o   -c /home/malcolm/Coding/Khazanah/Laser-Projector/openlase/build/CMakeFiles/CMakeTmp/CheckSymbolExists.c
Linking C executable cmTC_960c3
/usr/bin/cmake -E cmake_link_script CMakeFiles/cmTC_960c3.dir/link.txt --verbose=1
/usr/bin/cc       CMakeFiles/cmTC_960c3.dir/CheckSymbolExists.c.o  -o cmTC_960c3 -rdynamic 
CMakeFiles/cmTC_960c3.dir/CheckSymbolExists.c.o: In function `main':
CheckSymbolExists.c:(.text+0x16): undefined reference to `pthread_create'
collect2: error: ld returned 1 exit status
CMakeFiles/cmTC_960c3.dir/build.make:97: recipe for target 'cmTC_960c3' failed
make[1]: *** [cmTC_960c3] Error 1
make[1]: Leaving directory '/home/malcolm/Coding/Khazanah/Laser-Projector/openlase/build/CMakeFiles/CMakeTmp'
Makefile:126: recipe for target 'cmTC_960c3/fast' failed
make: *** [cmTC_960c3/fast] Error 2

File /home/malcolm/Coding/Khazanah/Laser-Projector/openlase/build/CMakeFiles/CMakeTmp/CheckSymbolExists.c:
/* */
#include <pthread.h>

int main(int argc, char** argv)
{
  (void)argv;
#ifndef pthread_create
  return ((int*)(&pthread_create))[argc];
#else
  (void)argc;
  return 0;
#endif
}

Determining if the function pthread_create exists in the pthreads failed with the following output:
Change Dir: /home/malcolm/Coding/Khazanah/Laser-Projector/openlase/build/CMakeFiles/CMakeTmp

Run Build Command:"/usr/bin/make" "cmTC_bc617/fast"
/usr/bin/make -f CMakeFiles/cmTC_bc617.dir/build.make CMakeFiles/cmTC_bc617.dir/build
make[1]: Entering directory '/home/malcolm/Coding/Khazanah/Laser-Projector/openlase/build/CMakeFiles/CMakeTmp'
Building C object CMakeFiles/cmTC_bc617.dir/CheckFunctionExists.c.o
/usr/bin/cc    -DCHECK_FUNCTION_EXISTS=pthread_create   -o CMakeFiles/cmTC_bc617.dir/CheckFunctionExists.c.o   -c /usr/share/cmake-3.5/Modules/CheckFunctionExists.c
Linking C executable cmTC_bc617
/usr/bin/cmake -E cmake_link_script CMakeFiles/cmTC_bc617.dir/link.txt --verbose=1
/usr/bin/cc   -DCHECK_FUNCTION_EXISTS=pthread_create    CMakeFiles/cmTC_bc617.dir/CheckFunctionExists.c.o  -o cmTC_bc617 -rdynamic -lpthreads 
/usr/bin/ld: cannot find -lpthreads
collect2: error: ld returned 1 exit status
CMakeFiles/cmTC_bc617.dir/build.make:97: recipe for target 'cmTC_bc617' failed
make[1]: *** [cmTC_bc617] Error 1
make[1]: Leaving directory '/home/malcolm/Coding/Khazanah/Laser-Projector/openlase/build/CMakeFiles/CMakeTmp'
Makefile:126: recipe for target 'cmTC_bc617/fast' failed
make: *** [cmTC_bc617/fast] Error 2


Determining if the Q_WS_WIN exist failed with the following output:
Change Dir: /home/malcolm/Coding/Khazanah/Laser-Projector/openlase/build/CMakeFiles/CMakeTmp

Run Build Command:"/usr/bin/make" "cmTC_0f49d/fast"
/usr/bin/make -f CMakeFiles/cmTC_0f49d.dir/build.make CMakeFiles/cmTC_0f49d.dir/build
make[1]: Entering directory '/home/malcolm/Coding/Khazanah/Laser-Projector/openlase/build/CMakeFiles/CMakeTmp'
Building CXX object CMakeFiles/cmTC_0f49d.dir/CheckSymbolExists.cxx.o
/usr/bin/c++    -I/usr/include/qt4   -o CMakeFiles/cmTC_0f49d.dir/CheckSymbolExists.cxx.o -c /home/malcolm/Coding/Khazanah/Laser-Projector/openlase/build/CMakeFiles/CMakeTmp/CheckSymbolExists.cxx
/home/malcolm/Coding/Khazanah/Laser-Projector/openlase/build/CMakeFiles/CMakeTmp/CheckSymbolExists.cxx: In function ‘int main(int, char**)’:
/home/malcolm/Coding/Khazanah/Laser-Projector/openlase/build/CMakeFiles/CMakeTmp/CheckSymbolExists.cxx:8:19: error: ‘Q_WS_WIN’ was not declared in this scope
   return ((int*)(&Q_WS_WIN))[argc];
                   ^
CMakeFiles/cmTC_0f49d.dir/build.make:65: recipe for target 'CMakeFiles/cmTC_0f49d.dir/CheckSymbolExists.cxx.o' failed
make[1]: *** [CMakeFiles/cmTC_0f49d.dir/CheckSymbolExists.cxx.o] Error 1
make[1]: Leaving directory '/home/malcolm/Coding/Khazanah/Laser-Projector/openlase/build/CMakeFiles/CMakeTmp'
Makefile:126: recipe for target 'cmTC_0f49d/fast' failed
make: *** [cmTC_0f49d/fast] Error 2

File /home/malcolm/Coding/Khazanah/Laser-Projector/openlase/build/CMakeFiles/CMakeTmp/CheckSymbolExists.cxx:
/* */
#include <QtCore/qglobal.h>

int main(int argc, char** argv)
{
  (void)argv;
#ifndef Q_WS_WIN
  return ((int*)(&Q_WS_WIN))[argc];
#else
  (void)argc;
  return 0;
#endif
}

Determining if the Q_WS_QWS exist failed with the following output:
Change Dir: /home/malcolm/Coding/Khazanah/Laser-Projector/openlase/build/CMakeFiles/CMakeTmp

Run Build Command:"/usr/bin/make" "cmTC_1ee83/fast"
/usr/bin/make -f CMakeFiles/cmTC_1ee83.dir/build.make CMakeFiles/cmTC_1ee83.dir/build
make[1]: Entering directory '/home/malcolm/Coding/Khazanah/Laser-Projector/openlase/build/CMakeFiles/CMakeTmp'
Building CXX object CMakeFiles/cmTC_1ee83.dir/CheckSymbolExists.cxx.o
/usr/bin/c++    -I/usr/include/qt4   -o CMakeFiles/cmTC_1ee83.dir/CheckSymbolExists.cxx.o -c /home/malcolm/Coding/Khazanah/Laser-Projector/openlase/build/CMakeFiles/CMakeTmp/CheckSymbolExists.cxx
/home/malcolm/Coding/Khazanah/Laser-Projector/openlase/build/CMakeFiles/CMakeTmp/CheckSymbolExists.cxx: In function ‘int main(int, char**)’:
/home/malcolm/Coding/Khazanah/Laser-Projector/openlase/build/CMakeFiles/CMakeTmp/CheckSymbolExists.cxx:8:19: error: ‘Q_WS_QWS’ was not declared in this scope
   return ((int*)(&Q_WS_QWS))[argc];
                   ^
CMakeFiles/cmTC_1ee83.dir/build.make:65: recipe for target 'CMakeFiles/cmTC_1ee83.dir/CheckSymbolExists.cxx.o' failed
make[1]: *** [CMakeFiles/cmTC_1ee83.dir/CheckSymbolExists.cxx.o] Error 1
make[1]: Leaving directory '/home/malcolm/Coding/Khazanah/Laser-Projector/openlase/build/CMakeFiles/CMakeTmp'
Makefile:126: recipe for target 'cmTC_1ee83/fast' failed
make: *** [cmTC_1ee83/fast] Error 2

File /home/malcolm/Coding/Khazanah/Laser-Projector/openlase/build/CMakeFiles/CMakeTmp/CheckSymbolExists.cxx:
/* */
#include <QtCore/qglobal.h>

int main(int argc, char** argv)
{
  (void)argv;
#ifndef Q_WS_QWS
  return ((int*)(&Q_WS_QWS))[argc];
#else
  (void)argc;
  return 0;
#endif
}

Determining if the Q_WS_MAC exist failed with the following output:
Change Dir: /home/malcolm/Coding/Khazanah/Laser-Projector/openlase/build/CMakeFiles/CMakeTmp

Run Build Command:"/usr/bin/make" "cmTC_a9e19/fast"
/usr/bin/make -f CMakeFiles/cmTC_a9e19.dir/build.make CMakeFiles/cmTC_a9e19.dir/build
make[1]: Entering directory '/home/malcolm/Coding/Khazanah/Laser-Projector/openlase/build/CMakeFiles/CMakeTmp'
Building CXX object CMakeFiles/cmTC_a9e19.dir/CheckSymbolExists.cxx.o
/usr/bin/c++    -I/usr/include/qt4   -o CMakeFiles/cmTC_a9e19.dir/CheckSymbolExists.cxx.o -c /home/malcolm/Coding/Khazanah/Laser-Projector/openlase/build/CMakeFiles/CMakeTmp/CheckSymbolExists.cxx
/home/malcolm/Coding/Khazanah/Laser-Projector/openlase/build/CMakeFiles/CMakeTmp/CheckSymbolExists.cxx: In function ‘int main(int, char**)’:
/home/malcolm/Coding/Khazanah/Laser-Projector/openlase/build/CMakeFiles/CMakeTmp/CheckSymbolExists.cxx:8:19: error: ‘Q_WS_MAC’ was not declared in this scope
   return ((int*)(&Q_WS_MAC))[argc];
                   ^
CMakeFiles/cmTC_a9e19.dir/build.make:65: recipe for target 'CMakeFiles/cmTC_a9e19.dir/CheckSymbolExists.cxx.o' failed
make[1]: *** [CMakeFiles/cmTC_a9e19.dir/CheckSymbolExists.cxx.o] Error 1
make[1]: Leaving directory '/home/malcolm/Coding/Khazanah/Laser-Projector/openlase/build/CMakeFiles/CMakeTmp'
Makefile:126: recipe for target 'cmTC_a9e19/fast' failed
make: *** [cmTC_a9e19/fast] Error 2

File /home/malcolm/Coding/Khazanah/Laser-Projector/openlase/build/CMakeFiles/CMakeTmp/CheckSymbolExists.cxx:
/* */
#include <QtCore/qglobal.h>

int main(int argc, char** argv)
{
  (void)argv;
#ifndef Q_WS_MAC
  return ((int*)(&Q_WS_MAC))[argc];
#else
  (void)argc;
  return 0;
#endif
}

Determining if the _aligned_malloc exist failed with the following output:
Change Dir: /home/malcolm/Coding/Khazanah/Laser-Projector/openlase/build/CMakeFiles/CMakeTmp

Run Build Command:"/usr/bin/make" "cmTC_8b47b/fast"
/usr/bin/make -f CMakeFiles/cmTC_8b47b.dir/build.make CMakeFiles/cmTC_8b47b.dir/build
make[1]: Entering directory '/home/malcolm/Coding/Khazanah/Laser-Projector/openlase/build/CMakeFiles/CMakeTmp'
Building C object CMakeFiles/cmTC_8b47b.dir/CheckSymbolExists.c.o
/usr/bin/cc    -O3 -g    -o CMakeFiles/cmTC_8b47b.dir/CheckSymbolExists.c.o   -c /home/malcolm/Coding/Khazanah/Laser-Projector/openlase/build/CMakeFiles/CMakeTmp/CheckSymbolExists.c
/home/malcolm/Coding/Khazanah/Laser-Projector/openlase/build/CMakeFiles/CMakeTmp/CheckSymbolExists.c: In function ‘main’:
/home/malcolm/Coding/Khazanah/Laser-Projector/openlase/build/CMakeFiles/CMakeTmp/CheckSymbolExists.c:8:19: error: ‘_aligned_malloc’ undeclared (first use in this function)
   return ((int*)(&_aligned_malloc))[argc];
                   ^
/home/malcolm/Coding/Khazanah/Laser-Projector/openlase/build/CMakeFiles/CMakeTmp/CheckSymbolExists.c:8:19: note: each undeclared identifier is reported only once for each function it appears in
CMakeFiles/cmTC_8b47b.dir/build.make:65: recipe for target 'CMakeFiles/cmTC_8b47b.dir/CheckSymbolExists.c.o' failed
make[1]: *** [CMakeFiles/cmTC_8b47b.dir/CheckSymbolExists.c.o] Error 1
make[1]: Leaving directory '/home/malcolm/Coding/Khazanah/Laser-Projector/openlase/build/CMakeFiles/CMakeTmp'
Makefile:126: recipe for target 'cmTC_8b47b/fast' failed
make: *** [cmTC_8b47b/fast] Error 2

File /home/malcolm/Coding/Khazanah/Laser-Projector/openlase/build/CMakeFiles/CMakeTmp/CheckSymbolExists.c:
/* */
#include <malloc.h>

int main(int argc, char** argv)
{
  (void)argv;
#ifndef _aligned_malloc
  return ((int*)(&_aligned_malloc))[argc];
#else
  (void)argc;
  return 0;
#endif
}

Checking whether the ASM_YASM compiler is GNU using "--version" did not match "(GNU assembler)|(GCC)|(Free Software Foundation)":
yasm 1.3.0
Compiled on May  6 2015.
Copyright (c) 2001-2014 Peter Johnson and other Yasm developers.
Run yasm --license for licensing overview and summary.
Checking whether the ASM_YASM compiler is HP using "-V" did not match "HP C":
yasm: warning: unrecognized option `-V'
yasm: No input files specified
Checking whether the ASM_YASM compiler is Intel using "--version" did not match "(ICC)":
yasm 1.3.0
Compiled on May  6 2015.
Copyright (c) 2001-2014 Peter Johnson and other Yasm developers.
Run yasm --license for licensing overview and summary.
Checking whether the ASM_YASM compiler is SunPro using "-V" did not match "Sun C":
yasm: warning: unrecognized option `-V'
yasm: No input files specified
Checking whether the ASM_YASM compiler is XL using "-qversion" did not match "XL C":
yasm: warning: unrecognized option `-qversion'
yasm: No input files specified
Checking whether the ASM_YASM compiler is MSVC using "/?" did not match "Microsoft":
yasm: file name already has no extension: output will be in `yasm.out'
yasm: FATAL: Could not open input file
Checking whether the ASM_YASM compiler is TI using "-h" did not match "Texas Instruments":
usage: yasm [option]* file
Options:
    --version               show version text
    --license               show license text
    -h, --help              show help text
    --arch=<arch>           select architecture (list with -a help)
     -a <arch>
    --parser=<parser>       select parser (list with -p help)
     -p <parser>
    --preproc=<preproc>     select preprocessor (list with -r help)
     -r <preproc>
    --oformat=<format>      select object format (list with -f help)
     -f <format>
    --dformat=<debug>       select debugging format (list with -g help)
     -g <debug>
    --lformat=<list>        select list format (list with -L help)
     -L <list>
    --list=<listfile>       name of list-file output
     -l <listfile>
    --objfile=<filename>    name of object-file output
     -o <filename>
    --mapfile=<filename>    name of map-file output
    --machine=<machine>     select machine (list with -m help)
     -m <machine>
    --force-strict          treat all sized operands as if `strict' was used
    -w                      inhibits warning messages
    -W                      enables/disables warning
    -M                      generate Makefile dependencies on stdout
    -E <file>               redirect error messages to file
    -s                      redirect error messages to stdout
    -e, --preproc-only      preprocess only (writes output to stdout by default)
    -i <path>               add include path
    -I <path>               add include path
    -P <filename>           pre-include file
    -d <macro[=value]>      pre-define a macro, optionally to value
    -D <macro[=value]>      pre-define a macro, optionally to value
    -u <macro>              undefine a macro
    -U <macro>              undefine a macro
    -X <style>              select error/warning message style (`gnu' or `vc')
    --prefix=<prefix>       prepend argument to name of all external symbols
    --suffix=<suffix>       append argument to name of all external symbols
    --postfix=<suffix>      append argument to name of all external symbols

Files are asm sources to be assembled.

Sample invocation:
   yasm -f elf -o object.o source.asm

Report bugs to bug-yasm@tortall.net
Checking whether the ASM_YASM compiler is GNU using "--version" did not match "(GNU assembler)|(GCC)|(Free Software Foundation)":
yasm 1.3.0
Compiled on May  6 2015.
Copyright (c) 2001-2014 Peter Johnson and other Yasm developers.
Run yasm --license for licensing overview and summary.
Checking whether the ASM_YASM compiler is IAR using "" did not match "IAR Assembler":
yasm: No input files specified
Checking whether the ASM_YASM compiler is ARMCC using "" did not match "(ARM Compiler)|(ARM Assembler)":
yasm: No input files specified
